2012-03-18 20:19:40,802 [main] ERROR StackTrace  - Sanitizing stacktrace:
groovy.lang.MissingPropertyException: No such property: dateCreated for class: com.ianandco.Property
	at grails.buildtestdata.DomainInstanceBuilder.setDomainPropertyValue(DomainInstanceBuilder.groovy:164)
	at grails.buildtestdata.DomainInstanceBuilder.populateInstance_closure4(DomainInstanceBuilder.groovy:142)
	at groovy.lang.Closure.call(Closure.java:282)
	at grails.buildtestdata.DomainInstanceBuilder.populateInstance(DomainInstanceBuilder.groovy:141)
	at grails.buildtestdata.DomainInstanceBuilder.build(DomainInstanceBuilder.groovy:129)
	at grails.buildtestdata.DomainInstanceBuilder.build(DomainInstanceBuilder.groovy:128)
	at grails.buildtestdata.BuildTestDataService.addBuildMethods_closure5(BuildTestDataService.groovy:46)
	at groovy.lang.Closure.call(Closure.java:282)
	at PropertyIntegrationSpec.Property can return three latest properties(PropertyIntegrationSpec.groovy:9)
2012-03-18 20:19:40,844 [main] ERROR StackTrace  - Sanitizing stacktrace:
groovy.lang.MissingPropertyException: No such property: dateCreated for class: com.ianandco.Property
	at grails.buildtestdata.DomainInstanceBuilder.setDomainPropertyValue(DomainInstanceBuilder.groovy:164)
	at grails.buildtestdata.DomainInstanceBuilder.populateInstance_closure4(DomainInstanceBuilder.groovy:142)
	at grails.buildtestdata.DomainInstanceBuilder.populateInstance(DomainInstanceBuilder.groovy:141)
	at grails.buildtestdata.DomainInstanceBuilder.build(DomainInstanceBuilder.groovy:129)
	at grails.buildtestdata.DomainInstanceBuilder.build(DomainInstanceBuilder.groovy:128)
	at grails.buildtestdata.BuildTestDataService.addBuildMethods_closure5(BuildTestDataService.groovy:46)
	at PropertyIntegrationSpec.Property can return three latest properties(PropertyIntegrationSpec.groovy:9)
2012-03-18 20:26:35,291 [main] ERROR StackTrace  - Sanitizing stacktrace:
org.hibernate.exception.SQLGrammarException: could not insert: [com.ianandco.Property]
	at org.hibernate.exception.SQLStateConverter.convert(SQLStateConverter.java:90)
	at org.hibernate.exception.JDBCExceptionHelper.convert(JDBCExceptionHelper.java:66)
	at org.hibernate.id.insert.AbstractReturningDelegate.performInsert(AbstractReturningDelegate.java:64)
	at org.hibernate.persister.entity.AbstractEntityPersister.insert(AbstractEntityPersister.java:2186)
	at org.hibernate.persister.entity.AbstractEntityPersister.insert(AbstractEntityPersister.java:2666)
	at org.hibernate.action.EntityIdentityInsertAction.execute(EntityIdentityInsertAction.java:71)
	at org.hibernate.engine.ActionQueue.execute(ActionQueue.java:279)
	at org.hibernate.event.def.AbstractSaveEventListener.performSaveOrReplicate(AbstractSaveEventListener.java:321)
	at org.hibernate.event.def.AbstractSaveEventListener.performSave(AbstractSaveEventListener.java:204)
	at org.hibernate.event.def.AbstractSaveEventListener.saveWithGeneratedId(AbstractSaveEventListener.java:130)
	at org.hibernate.event.def.DefaultSaveOrUpdateEventListener.saveWithGeneratedOrRequestedId(DefaultSaveOrUpdateEventListener.java:210)
	at org.hibernate.event.def.DefaultSaveOrUpdateEventListener.entityIsTransient(DefaultSaveOrUpdateEventListener.java:195)
	at org.hibernate.event.def.DefaultSaveOrUpdateEventListener.performSaveOrUpdate(DefaultSaveOrUpdateEventListener.java:117)
	at org.hibernate.event.def.DefaultSaveOrUpdateEventListener.onSaveOrUpdate(DefaultSaveOrUpdateEventListener.java:93)
	at org.codehaus.groovy.grails.orm.hibernate.support.ClosureEventTriggeringInterceptor.onSaveOrUpdate(ClosureEventTriggeringInterceptor.java:137)
	at org.hibernate.impl.SessionImpl.fireSaveOrUpdate(SessionImpl.java:534)
	at org.hibernate.impl.SessionImpl.saveOrUpdate(SessionImpl.java:526)
	at org.hibernate.impl.SessionImpl.saveOrUpdate(SessionImpl.java:522)
	at org.springframework.orm.hibernate3.HibernateTemplate.doExecute(HibernateTemplate.java:406)
	at org.springframework.orm.hibernate3.HibernateTemplate.execute(HibernateTemplate.java:339)
	at org.codehaus.groovy.grails.orm.hibernate.metaclass.SavePersistentMethod.performSave(SavePersistentMethod.java:53)
	at org.codehaus.groovy.grails.orm.hibernate.metaclass.AbstractSavePersistentMethod.doInvokeInternal(AbstractSavePersistentMethod.java:179)
	at org.codehaus.groovy.grails.orm.hibernate.metaclass.AbstractDynamicPersistentMethod.invoke(AbstractDynamicPersistentMethod.java:59)
	at org.codehaus.groovy.grails.plugins.orm.hibernate.HibernatePluginSupport.addBasicPersistenceMethods_closure72(HibernatePluginSupport.groovy:809)
	at org.codehaus.groovy.grails.plugins.orm.hibernate.HibernatePluginSupport.enhanceSessionFactory_closure13(HibernatePluginSupport.groovy:376)
	at grails.buildtestdata.DomainInstanceBuilder.save(DomainInstanceBuilder.groovy:241)
	at grails.buildtestdata.DomainInstanceBuilder.save(DomainInstanceBuilder.groovy:231)
	at grails.buildtestdata.DomainInstanceBuilder.build(DomainInstanceBuilder.groovy:130)
	at grails.buildtestdata.DomainInstanceBuilder.build(DomainInstanceBuilder.groovy:128)
	at grails.buildtestdata.BuildTestDataService.addBuildMethods_closure5(BuildTestDataService.groovy:46)
	at groovy.lang.Closure.call(Closure.java:282)
	at PropertyIntegrationSpec.Property can return three latest properties(PropertyIntegrationSpec.groovy:9)
Caused by: java.sql.SQLSyntaxErrorException: user lacks privilege or object not found: PROPERTY
	at org.hsqldb.jdbc.Util.sqlException(Unknown Source)
	at org.hsqldb.jdbc.Util.sqlException(Unknown Source)
	at org.hsqldb.jdbc.JDBCPreparedStatement.<init>(Unknown Source)
	at org.hsqldb.jdbc.JDBCConnection.prepareStatement(Unknown Source)
	at org.apache.commons.dbcp.DelegatingConnection.prepareStatement(DelegatingConnection.java:508)
	at org.hibernate.jdbc.AbstractBatcher.getPreparedStatement(AbstractBatcher.java:524)
	at org.hibernate.jdbc.AbstractBatcher.prepareStatement(AbstractBatcher.java:116)
	at org.hibernate.id.insert.AbstractReturningDelegate.performInsert(AbstractReturningDelegate.java:54)
	... 29 more
Caused by: org.hsqldb.HsqlException: user lacks privilege or object not found: PROPERTY
	at org.hsqldb.error.Error.error(Unknown Source)
	at org.hsqldb.error.Error.error(Unknown Source)
	at org.hsqldb.SchemaManager.getTable(Unknown Source)
	at org.hsqldb.ParserDQL.readTableName(Unknown Source)
	at org.hsqldb.ParserDQL.readSimpleRangeVariable(Unknown Source)
	at org.hsqldb.ParserDML.compileInsertStatement(Unknown Source)
	at org.hsqldb.ParserCommand.compilePart(Unknown Source)
	at org.hsqldb.ParserCommand.compileStatement(Unknown Source)
	at org.hsqldb.Session.compileStatement(Unknown Source)
	at org.hsqldb.StatementManager.compile(Unknown Source)
	at org.hsqldb.Session.execute(Unknown Source)
	... 35 more
2012-03-18 20:26:35,293 [main] ERROR StackTrace  - Sanitizing stacktrace:
java.sql.SQLSyntaxErrorException: user lacks privilege or object not found: PROPERTY
	at org.hsqldb.jdbc.Util.sqlException(Unknown Source)
	at org.hsqldb.jdbc.Util.sqlException(Unknown Source)
	at org.hsqldb.jdbc.JDBCPreparedStatement.<init>(Unknown Source)
	at org.hsqldb.jdbc.JDBCConnection.prepareStatement(Unknown Source)
	at org.apache.commons.dbcp.DelegatingConnection.prepareStatement(DelegatingConnection.java:508)
	at org.hibernate.jdbc.AbstractBatcher.getPreparedStatement(AbstractBatcher.java:524)
	at org.hibernate.jdbc.AbstractBatcher.prepareStatement(AbstractBatcher.java:116)
	at org.hibernate.id.insert.AbstractReturningDelegate.performInsert(AbstractReturningDelegate.java:54)
	at org.hibernate.persister.entity.AbstractEntityPersister.insert(AbstractEntityPersister.java:2186)
	at org.hibernate.persister.entity.AbstractEntityPersister.insert(AbstractEntityPersister.java:2666)
	at org.hibernate.action.EntityIdentityInsertAction.execute(EntityIdentityInsertAction.java:71)
	at org.hibernate.engine.ActionQueue.execute(ActionQueue.java:279)
	at org.hibernate.event.def.AbstractSaveEventListener.performSaveOrReplicate(AbstractSaveEventListener.java:321)
	at org.hibernate.event.def.AbstractSaveEventListener.performSave(AbstractSaveEventListener.java:204)
	at org.hibernate.event.def.AbstractSaveEventListener.saveWithGeneratedId(AbstractSaveEventListener.java:130)
	at org.hibernate.event.def.DefaultSaveOrUpdateEventListener.saveWithGeneratedOrRequestedId(DefaultSaveOrUpdateEventListener.java:210)
	at org.hibernate.event.def.DefaultSaveOrUpdateEventListener.entityIsTransient(DefaultSaveOrUpdateEventListener.java:195)
	at org.hibernate.event.def.DefaultSaveOrUpdateEventListener.performSaveOrUpdate(DefaultSaveOrUpdateEventListener.java:117)
	at org.hibernate.event.def.DefaultSaveOrUpdateEventListener.onSaveOrUpdate(DefaultSaveOrUpdateEventListener.java:93)
	at org.codehaus.groovy.grails.orm.hibernate.support.ClosureEventTriggeringInterceptor.onSaveOrUpdate(ClosureEventTriggeringInterceptor.java:137)
	at org.hibernate.impl.SessionImpl.fireSaveOrUpdate(SessionImpl.java:534)
	at org.hibernate.impl.SessionImpl.saveOrUpdate(SessionImpl.java:526)
	at org.hibernate.impl.SessionImpl.saveOrUpdate(SessionImpl.java:522)
	at org.springframework.orm.hibernate3.HibernateTemplate.doExecute(HibernateTemplate.java:406)
	at org.springframework.orm.hibernate3.HibernateTemplate.execute(HibernateTemplate.java:339)
	at org.codehaus.groovy.grails.orm.hibernate.metaclass.SavePersistentMethod.performSave(SavePersistentMethod.java:53)
	at org.codehaus.groovy.grails.orm.hibernate.metaclass.AbstractSavePersistentMethod.doInvokeInternal(AbstractSavePersistentMethod.java:179)
	at org.codehaus.groovy.grails.orm.hibernate.metaclass.AbstractDynamicPersistentMethod.invoke(AbstractDynamicPersistentMethod.java:59)
	at org.codehaus.groovy.grails.plugins.orm.hibernate.HibernatePluginSupport.addBasicPersistenceMethods_closure72(HibernatePluginSupport.groovy:809)
	at org.codehaus.groovy.grails.plugins.orm.hibernate.HibernatePluginSupport.enhanceSessionFactory_closure13(HibernatePluginSupport.groovy:376)
	at grails.buildtestdata.DomainInstanceBuilder.save(DomainInstanceBuilder.groovy:241)
	at grails.buildtestdata.DomainInstanceBuilder.save(DomainInstanceBuilder.groovy:231)
	at grails.buildtestdata.DomainInstanceBuilder.build(DomainInstanceBuilder.groovy:130)
	at grails.buildtestdata.DomainInstanceBuilder.build(DomainInstanceBuilder.groovy:128)
	at grails.buildtestdata.BuildTestDataService.addBuildMethods_closure5(BuildTestDataService.groovy:46)
	at groovy.lang.Closure.call(Closure.java:282)
	at PropertyIntegrationSpec.Property can return three latest properties(PropertyIntegrationSpec.groovy:9)
Caused by: org.hsqldb.HsqlException: user lacks privilege or object not found: PROPERTY
	at org.hsqldb.error.Error.error(Unknown Source)
	at org.hsqldb.error.Error.error(Unknown Source)
	at org.hsqldb.SchemaManager.getTable(Unknown Source)
	at org.hsqldb.ParserDQL.readTableName(Unknown Source)
	at org.hsqldb.ParserDQL.readSimpleRangeVariable(Unknown Source)
	at org.hsqldb.ParserDML.compileInsertStatement(Unknown Source)
	at org.hsqldb.ParserCommand.compilePart(Unknown Source)
	at org.hsqldb.ParserCommand.compileStatement(Unknown Source)
	at org.hsqldb.Session.compileStatement(Unknown Source)
	at org.hsqldb.StatementManager.compile(Unknown Source)
	at org.hsqldb.Session.execute(Unknown Source)
	... 35 more
2012-03-18 20:26:35,293 [main] ERROR StackTrace  - Sanitizing stacktrace:
org.hsqldb.HsqlException: user lacks privilege or object not found: PROPERTY
	at org.hsqldb.error.Error.error(Unknown Source)
	at org.hsqldb.error.Error.error(Unknown Source)
	at org.hsqldb.SchemaManager.getTable(Unknown Source)
	at org.hsqldb.ParserDQL.readTableName(Unknown Source)
	at org.hsqldb.ParserDQL.readSimpleRangeVariable(Unknown Source)
	at org.hsqldb.ParserDML.compileInsertStatement(Unknown Source)
	at org.hsqldb.ParserCommand.compilePart(Unknown Source)
	at org.hsqldb.ParserCommand.compileStatement(Unknown Source)
	at org.hsqldb.Session.compileStatement(Unknown Source)
	at org.hsqldb.StatementManager.compile(Unknown Source)
	at org.hsqldb.Session.execute(Unknown Source)
	at org.hsqldb.jdbc.JDBCPreparedStatement.<init>(Unknown Source)
	at org.hsqldb.jdbc.JDBCConnection.prepareStatement(Unknown Source)
	at org.apache.commons.dbcp.DelegatingConnection.prepareStatement(DelegatingConnection.java:508)
	at org.hibernate.jdbc.AbstractBatcher.getPreparedStatement(AbstractBatcher.java:524)
	at org.hibernate.jdbc.AbstractBatcher.prepareStatement(AbstractBatcher.java:116)
	at org.hibernate.id.insert.AbstractReturningDelegate.performInsert(AbstractReturningDelegate.java:54)
	at org.hibernate.persister.entity.AbstractEntityPersister.insert(AbstractEntityPersister.java:2186)
	at org.hibernate.persister.entity.AbstractEntityPersister.insert(AbstractEntityPersister.java:2666)
	at org.hibernate.action.EntityIdentityInsertAction.execute(EntityIdentityInsertAction.java:71)
	at org.hibernate.engine.ActionQueue.execute(ActionQueue.java:279)
	at org.hibernate.event.def.AbstractSaveEventListener.performSaveOrReplicate(AbstractSaveEventListener.java:321)
	at org.hibernate.event.def.AbstractSaveEventListener.performSave(AbstractSaveEventListener.java:204)
	at org.hibernate.event.def.AbstractSaveEventListener.saveWithGeneratedId(AbstractSaveEventListener.java:130)
	at org.hibernate.event.def.DefaultSaveOrUpdateEventListener.saveWithGeneratedOrRequestedId(DefaultSaveOrUpdateEventListener.java:210)
	at org.hibernate.event.def.DefaultSaveOrUpdateEventListener.entityIsTransient(DefaultSaveOrUpdateEventListener.java:195)
	at org.hibernate.event.def.DefaultSaveOrUpdateEventListener.performSaveOrUpdate(DefaultSaveOrUpdateEventListener.java:117)
	at org.hibernate.event.def.DefaultSaveOrUpdateEventListener.onSaveOrUpdate(DefaultSaveOrUpdateEventListener.java:93)
	at org.codehaus.groovy.grails.orm.hibernate.support.ClosureEventTriggeringInterceptor.onSaveOrUpdate(ClosureEventTriggeringInterceptor.java:137)
	at org.hibernate.impl.SessionImpl.fireSaveOrUpdate(SessionImpl.java:534)
	at org.hibernate.impl.SessionImpl.saveOrUpdate(SessionImpl.java:526)
	at org.hibernate.impl.SessionImpl.saveOrUpdate(SessionImpl.java:522)
	at org.springframework.orm.hibernate3.HibernateTemplate.doExecute(HibernateTemplate.java:406)
	at org.springframework.orm.hibernate3.HibernateTemplate.execute(HibernateTemplate.java:339)
	at org.codehaus.groovy.grails.orm.hibernate.metaclass.SavePersistentMethod.performSave(SavePersistentMethod.java:53)
	at org.codehaus.groovy.grails.orm.hibernate.metaclass.AbstractSavePersistentMethod.doInvokeInternal(AbstractSavePersistentMethod.java:179)
	at org.codehaus.groovy.grails.orm.hibernate.metaclass.AbstractDynamicPersistentMethod.invoke(AbstractDynamicPersistentMethod.java:59)
	at org.codehaus.groovy.grails.plugins.orm.hibernate.HibernatePluginSupport.addBasicPersistenceMethods_closure72(HibernatePluginSupport.groovy:809)
	at org.codehaus.groovy.grails.plugins.orm.hibernate.HibernatePluginSupport.enhanceSessionFactory_closure13(HibernatePluginSupport.groovy:376)
	at grails.buildtestdata.DomainInstanceBuilder.save(DomainInstanceBuilder.groovy:241)
	at grails.buildtestdata.DomainInstanceBuilder.save(DomainInstanceBuilder.groovy:231)
	at grails.buildtestdata.DomainInstanceBuilder.build(DomainInstanceBuilder.groovy:130)
	at grails.buildtestdata.DomainInstanceBuilder.build(DomainInstanceBuilder.groovy:128)
	at grails.buildtestdata.BuildTestDataService.addBuildMethods_closure5(BuildTestDataService.groovy:46)
	at groovy.lang.Closure.call(Closure.java:282)
	at PropertyIntegrationSpec.Property can return three latest properties(PropertyIntegrationSpec.groovy:9)
2012-03-18 20:26:35,293 [main] ERROR StackTrace  - Sanitizing stacktrace:
org.springframework.dao.InvalidDataAccessResourceUsageException: could not insert: [com.ianandco.Property]; SQL [insert into property (version, active, built_in_cupboards, city, date_created, deposit_percentage, description, dining_room, editor_choice, garden, interest_rate, kitchen, last_updated, loan_term, lounge, number_of_bathrooms, number_of_bedrooms, province, selling_price, size, suburb, title) values (?, ?, ?, ?, ?, ?, ?, ?, ?, ?, ?, ?, ?, ?, ?, ?, ?, ?, ?, ?, ?, ?)]; nested exception is org.hibernate.exception.SQLGrammarException: could not insert: [com.ianandco.Property]
	at org.springframework.orm.hibernate3.SessionFactoryUtils.convertHibernateAccessException(SessionFactoryUtils.java:629)
	at org.springframework.orm.hibernate3.HibernateAccessor.convertHibernateAccessException(HibernateAccessor.java:412)
	at org.springframework.orm.hibernate3.HibernateTemplate.doExecute(HibernateTemplate.java:411)
	at org.springframework.orm.hibernate3.HibernateTemplate.execute(HibernateTemplate.java:339)
	at org.codehaus.groovy.grails.orm.hibernate.metaclass.SavePersistentMethod.performSave(SavePersistentMethod.java:53)
	at org.codehaus.groovy.grails.orm.hibernate.metaclass.AbstractSavePersistentMethod.doInvokeInternal(AbstractSavePersistentMethod.java:179)
	at org.codehaus.groovy.grails.orm.hibernate.metaclass.AbstractDynamicPersistentMethod.invoke(AbstractDynamicPersistentMethod.java:59)
	at org.codehaus.groovy.grails.plugins.orm.hibernate.HibernatePluginSupport.addBasicPersistenceMethods_closure72(HibernatePluginSupport.groovy:809)
	at org.codehaus.groovy.grails.plugins.orm.hibernate.HibernatePluginSupport.enhanceSessionFactory_closure13(HibernatePluginSupport.groovy:376)
	at grails.buildtestdata.DomainInstanceBuilder.save(DomainInstanceBuilder.groovy:241)
	at grails.buildtestdata.DomainInstanceBuilder.save(DomainInstanceBuilder.groovy:231)
	at grails.buildtestdata.DomainInstanceBuilder.build(DomainInstanceBuilder.groovy:130)
	at grails.buildtestdata.DomainInstanceBuilder.build(DomainInstanceBuilder.groovy:128)
	at grails.buildtestdata.BuildTestDataService.addBuildMethods_closure5(BuildTestDataService.groovy:46)
	at groovy.lang.Closure.call(Closure.java:282)
	at PropertyIntegrationSpec.Property can return three latest properties(PropertyIntegrationSpec.groovy:9)
Caused by: org.hibernate.exception.SQLGrammarException: could not insert: [com.ianandco.Property]
	at grails.buildtestdata.DomainInstanceBuilder.save(DomainInstanceBuilder.groovy:241)
	at grails.buildtestdata.DomainInstanceBuilder.save(DomainInstanceBuilder.groovy:231)
	at grails.buildtestdata.DomainInstanceBuilder.build(DomainInstanceBuilder.groovy:130)
	at grails.buildtestdata.DomainInstanceBuilder.build(DomainInstanceBuilder.groovy:128)
	at grails.buildtestdata.BuildTestDataService.addBuildMethods_closure5(BuildTestDataService.groovy:46)
	... 1 more
Caused by: java.sql.SQLSyntaxErrorException: user lacks privilege or object not found: PROPERTY
	at org.hsqldb.jdbc.Util.sqlException(Unknown Source)
	at org.hsqldb.jdbc.Util.sqlException(Unknown Source)
	at org.hsqldb.jdbc.JDBCPreparedStatement.<init>(Unknown Source)
	at org.hsqldb.jdbc.JDBCConnection.prepareStatement(Unknown Source)
	at org.apache.commons.dbcp.DelegatingConnection.prepareStatement(DelegatingConnection.java:508)
	... 6 more
Caused by: org.hsqldb.HsqlException: user lacks privilege or object not found: PROPERTY
	at org.hsqldb.error.Error.error(Unknown Source)
	at org.hsqldb.error.Error.error(Unknown Source)
	at org.hsqldb.SchemaManager.getTable(Unknown Source)
	at org.hsqldb.ParserDQL.readTableName(Unknown Source)
	at org.hsqldb.ParserDQL.readSimpleRangeVariable(Unknown Source)
	at org.hsqldb.ParserDML.compileInsertStatement(Unknown Source)
	at org.hsqldb.ParserCommand.compilePart(Unknown Source)
	at org.hsqldb.ParserCommand.compileStatement(Unknown Source)
	at org.hsqldb.Session.compileStatement(Unknown Source)
	at org.hsqldb.StatementManager.compile(Unknown Source)
	at org.hsqldb.Session.execute(Unknown Source)
	... 9 more
2012-03-18 20:26:35,300 [main] ERROR StackTrace  - Sanitizing stacktrace:
org.hibernate.exception.SQLGrammarException: could not insert: [com.ianandco.Property]
	at grails.buildtestdata.DomainInstanceBuilder.save(DomainInstanceBuilder.groovy:241)
	at grails.buildtestdata.DomainInstanceBuilder.save(DomainInstanceBuilder.groovy:231)
	at grails.buildtestdata.DomainInstanceBuilder.build(DomainInstanceBuilder.groovy:130)
	at grails.buildtestdata.DomainInstanceBuilder.build(DomainInstanceBuilder.groovy:128)
	at grails.buildtestdata.BuildTestDataService.addBuildMethods_closure5(BuildTestDataService.groovy:46)
	at PropertyIntegrationSpec.Property can return three latest properties(PropertyIntegrationSpec.groovy:9)
Caused by: java.sql.SQLSyntaxErrorException: user lacks privilege or object not found: PROPERTY
	at org.hsqldb.jdbc.Util.sqlException(Unknown Source)
	at org.hsqldb.jdbc.Util.sqlException(Unknown Source)
	at org.hsqldb.jdbc.JDBCPreparedStatement.<init>(Unknown Source)
	at org.hsqldb.jdbc.JDBCConnection.prepareStatement(Unknown Source)
	at org.apache.commons.dbcp.DelegatingConnection.prepareStatement(DelegatingConnection.java:508)
	... 6 more
Caused by: org.hsqldb.HsqlException: user lacks privilege or object not found: PROPERTY
	at org.hsqldb.error.Error.error(Unknown Source)
	at org.hsqldb.error.Error.error(Unknown Source)
	at org.hsqldb.SchemaManager.getTable(Unknown Source)
	at org.hsqldb.ParserDQL.readTableName(Unknown Source)
	at org.hsqldb.ParserDQL.readSimpleRangeVariable(Unknown Source)
	at org.hsqldb.ParserDML.compileInsertStatement(Unknown Source)
	at org.hsqldb.ParserCommand.compilePart(Unknown Source)
	at org.hsqldb.ParserCommand.compileStatement(Unknown Source)
	at org.hsqldb.Session.compileStatement(Unknown Source)
	at org.hsqldb.StatementManager.compile(Unknown Source)
	at org.hsqldb.Session.execute(Unknown Source)
	... 9 more
2012-03-18 20:26:35,301 [main] ERROR StackTrace  - Sanitizing stacktrace:
java.sql.SQLSyntaxErrorException: user lacks privilege or object not found: PROPERTY
	at org.hsqldb.jdbc.Util.sqlException(Unknown Source)
	at org.hsqldb.jdbc.Util.sqlException(Unknown Source)
	at org.hsqldb.jdbc.JDBCPreparedStatement.<init>(Unknown Source)
	at org.hsqldb.jdbc.JDBCConnection.prepareStatement(Unknown Source)
	at org.apache.commons.dbcp.DelegatingConnection.prepareStatement(DelegatingConnection.java:508)
	at grails.buildtestdata.DomainInstanceBuilder.save(DomainInstanceBuilder.groovy:241)
	at grails.buildtestdata.DomainInstanceBuilder.save(DomainInstanceBuilder.groovy:231)
	at grails.buildtestdata.DomainInstanceBuilder.build(DomainInstanceBuilder.groovy:130)
	at grails.buildtestdata.DomainInstanceBuilder.build(DomainInstanceBuilder.groovy:128)
	at grails.buildtestdata.BuildTestDataService.addBuildMethods_closure5(BuildTestDataService.groovy:46)
	at PropertyIntegrationSpec.Property can return three latest properties(PropertyIntegrationSpec.groovy:9)
Caused by: org.hsqldb.HsqlException: user lacks privilege or object not found: PROPERTY
	at org.hsqldb.error.Error.error(Unknown Source)
	at org.hsqldb.error.Error.error(Unknown Source)
	at org.hsqldb.SchemaManager.getTable(Unknown Source)
	at org.hsqldb.ParserDQL.readTableName(Unknown Source)
	at org.hsqldb.ParserDQL.readSimpleRangeVariable(Unknown Source)
	at org.hsqldb.ParserDML.compileInsertStatement(Unknown Source)
	at org.hsqldb.ParserCommand.compilePart(Unknown Source)
	at org.hsqldb.ParserCommand.compileStatement(Unknown Source)
	at org.hsqldb.Session.compileStatement(Unknown Source)
	at org.hsqldb.StatementManager.compile(Unknown Source)
	at org.hsqldb.Session.execute(Unknown Source)
	... 9 more
2012-03-18 20:26:35,301 [main] ERROR StackTrace  - Sanitizing stacktrace:
org.hsqldb.HsqlException: user lacks privilege or object not found: PROPERTY
	at org.hsqldb.error.Error.error(Unknown Source)
	at org.hsqldb.error.Error.error(Unknown Source)
	at org.hsqldb.SchemaManager.getTable(Unknown Source)
	at org.hsqldb.ParserDQL.readTableName(Unknown Source)
	at org.hsqldb.ParserDQL.readSimpleRangeVariable(Unknown Source)
	at org.hsqldb.ParserDML.compileInsertStatement(Unknown Source)
	at org.hsqldb.ParserCommand.compilePart(Unknown Source)
	at org.hsqldb.ParserCommand.compileStatement(Unknown Source)
	at org.hsqldb.Session.compileStatement(Unknown Source)
	at org.hsqldb.StatementManager.compile(Unknown Source)
	at org.hsqldb.Session.execute(Unknown Source)
	at org.hsqldb.jdbc.JDBCPreparedStatement.<init>(Unknown Source)
	at org.hsqldb.jdbc.JDBCConnection.prepareStatement(Unknown Source)
	at org.apache.commons.dbcp.DelegatingConnection.prepareStatement(DelegatingConnection.java:508)
	at grails.buildtestdata.DomainInstanceBuilder.save(DomainInstanceBuilder.groovy:241)
	at grails.buildtestdata.DomainInstanceBuilder.save(DomainInstanceBuilder.groovy:231)
	at grails.buildtestdata.DomainInstanceBuilder.build(DomainInstanceBuilder.groovy:130)
	at grails.buildtestdata.DomainInstanceBuilder.build(DomainInstanceBuilder.groovy:128)
	at grails.buildtestdata.BuildTestDataService.addBuildMethods_closure5(BuildTestDataService.groovy:46)
	at PropertyIntegrationSpec.Property can return three latest properties(PropertyIntegrationSpec.groovy:9)
2012-03-18 20:26:35,301 [main] ERROR StackTrace  - Sanitizing stacktrace:
org.springframework.dao.InvalidDataAccessResourceUsageException: could not insert: [com.ianandco.Property]; SQL [insert into property (version, active, built_in_cupboards, city, date_created, deposit_percentage, description, dining_room, editor_choice, garden, interest_rate, kitchen, last_updated, loan_term, lounge, number_of_bathrooms, number_of_bedrooms, province, selling_price, size, suburb, title) values (?, ?, ?, ?, ?, ?, ?, ?, ?, ?, ?, ?, ?, ?, ?, ?, ?, ?, ?, ?, ?, ?)]; nested exception is org.hibernate.exception.SQLGrammarException: could not insert: [com.ianandco.Property]
	at grails.buildtestdata.DomainInstanceBuilder.save(DomainInstanceBuilder.groovy:241)
	at grails.buildtestdata.DomainInstanceBuilder.save(DomainInstanceBuilder.groovy:231)
	at grails.buildtestdata.DomainInstanceBuilder.build(DomainInstanceBuilder.groovy:130)
	at grails.buildtestdata.DomainInstanceBuilder.build(DomainInstanceBuilder.groovy:128)
	at grails.buildtestdata.BuildTestDataService.addBuildMethods_closure5(BuildTestDataService.groovy:46)
	at PropertyIntegrationSpec.Property can return three latest properties(PropertyIntegrationSpec.groovy:9)
Caused by: org.hibernate.exception.SQLGrammarException: could not insert: [com.ianandco.Property]
	... 6 more
Caused by: java.sql.SQLSyntaxErrorException: user lacks privilege or object not found: PROPERTY
	at org.hsqldb.jdbc.Util.sqlException(Unknown Source)
	at org.hsqldb.jdbc.Util.sqlException(Unknown Source)
	at org.hsqldb.jdbc.JDBCPreparedStatement.<init>(Unknown Source)
	at org.hsqldb.jdbc.JDBCConnection.prepareStatement(Unknown Source)
	at org.apache.commons.dbcp.DelegatingConnection.prepareStatement(DelegatingConnection.java:508)
	... 6 more
Caused by: org.hsqldb.HsqlException: user lacks privilege or object not found: PROPERTY
	at org.hsqldb.error.Error.error(Unknown Source)
	at org.hsqldb.error.Error.error(Unknown Source)
	at org.hsqldb.SchemaManager.getTable(Unknown Source)
	at org.hsqldb.ParserDQL.readTableName(Unknown Source)
	at org.hsqldb.ParserDQL.readSimpleRangeVariable(Unknown Source)
	at org.hsqldb.ParserDML.compileInsertStatement(Unknown Source)
	at org.hsqldb.ParserCommand.compilePart(Unknown Source)
	at org.hsqldb.ParserCommand.compileStatement(Unknown Source)
	at org.hsqldb.Session.compileStatement(Unknown Source)
	at org.hsqldb.StatementManager.compile(Unknown Source)
	at org.hsqldb.Session.execute(Unknown Source)
	... 9 more
2012-03-18 20:29:28,953 [main] ERROR StackTrace  - Sanitizing stacktrace:
groovy.lang.MissingMethodException: No signature of method: com.ianandco.Property.newListings() is applicable for argument types: () values: []
	at org.codehaus.groovy.grails.plugins.orm.hibernate.HibernatePluginSupport.addDynamicFinderSupport_closure17(HibernatePluginSupport.groovy:469)
	at groovy.lang.Closure.call(Closure.java:282)
	at PropertyIntegrationSpec.Property can return three latest properties(PropertyIntegrationSpec.groovy:14)
2012-03-18 20:29:29,033 [main] ERROR StackTrace  - Sanitizing stacktrace:
groovy.lang.MissingMethodException: No signature of method: com.ianandco.Property.newListings() is applicable for argument types: () values: []
	at PropertyIntegrationSpec.Property can return three latest properties(PropertyIntegrationSpec.groovy:14)
2012-03-18 20:35:33,809 [main] ERROR StackTrace  - Sanitizing stacktrace:
java.lang.IllegalArgumentException: object is not an instance of declaring class
	at groovy.lang.MetaBeanProperty.getProperty(MetaBeanProperty.java:57)
	at org.codehaus.groovy.grails.orm.hibernate.cfg.NamedCriteriaProxy.methodMissing(HibernateNamedQueriesBuilder.groovy:216)
	at PropertyIntegrationSpec.Property can return three latest properties(PropertyIntegrationSpec.groovy:17)
2012-03-18 20:35:33,817 [main] ERROR StackTrace  - Sanitizing stacktrace:
java.lang.IllegalArgumentException: object is not an instance of declaring class
	at PropertyIntegrationSpec.Property can return three latest properties(PropertyIntegrationSpec.groovy:17)
2012-03-18 20:37:17,724 [main] ERROR StackTrace  - Sanitizing stacktrace:
java.lang.IllegalArgumentException: object is not an instance of declaring class
	at groovy.lang.MetaBeanProperty.getProperty(MetaBeanProperty.java:57)
	at org.codehaus.groovy.grails.orm.hibernate.cfg.NamedCriteriaProxy.propertyMissing(HibernateNamedQueriesBuilder.groovy:199)
	at org.codehaus.groovy.grails.orm.hibernate.cfg.NamedCriteriaProxy.getProperty(HibernateNamedQueriesBuilder.groovy)
	at PropertyIntegrationSpec.Property can return three latest properties(PropertyIntegrationSpec.groovy:19)
2012-03-18 20:37:17,731 [main] ERROR StackTrace  - Sanitizing stacktrace:
java.lang.IllegalArgumentException: object is not an instance of declaring class
	at PropertyIntegrationSpec.Property can return three latest properties(PropertyIntegrationSpec.groovy:19)
2012-03-18 20:39:30,961 [main] ERROR StackTrace  - Sanitizing stacktrace:
org.hibernate.QueryException: could not resolve property: holderLastName of: com.ianandco.Property
	at org.hibernate.persister.entity.AbstractPropertyMapping.propertyException(AbstractPropertyMapping.java:67)
	at org.hibernate.persister.entity.AbstractPropertyMapping.toType(AbstractPropertyMapping.java:61)
	at org.hibernate.persister.entity.AbstractEntityPersister.getSubclassPropertyTableNumber(AbstractEntityPersister.java:1402)
	at org.hibernate.persister.entity.BasicEntityPropertyMapping.toColumns(BasicEntityPropertyMapping.java:54)
	at org.hibernate.persister.entity.AbstractEntityPersister.toColumns(AbstractEntityPersister.java:1377)
	at org.hibernate.loader.criteria.CriteriaQueryTranslator.getColumns(CriteriaQueryTranslator.java:457)
	at org.hibernate.loader.criteria.CriteriaQueryTranslator.getColumnsUsingProjection(CriteriaQueryTranslator.java:417)
	at org.hibernate.criterion.Order.toSqlString(Order.java:68)
	at org.hibernate.loader.criteria.CriteriaQueryTranslator.getOrderBy(CriteriaQueryTranslator.java:371)
	at org.hibernate.loader.criteria.CriteriaJoinWalker.<init>(CriteriaJoinWalker.java:113)
	at org.hibernate.loader.criteria.CriteriaJoinWalker.<init>(CriteriaJoinWalker.java:82)
	at org.hibernate.loader.criteria.CriteriaLoader.<init>(CriteriaLoader.java:91)
	at org.hibernate.impl.SessionImpl.list(SessionImpl.java:1577)
	at org.hibernate.impl.CriteriaImpl.list(CriteriaImpl.java:306)
	at grails.orm.HibernateCriteriaBuilder.invokeMethod(HibernateCriteriaBuilder.java:1163)
	at org.codehaus.groovy.grails.plugins.orm.hibernate.HibernatePluginSupport.addQueryMethods_closure53(HibernatePluginSupport.groovy:686)
	at groovy.lang.Closure.call(Closure.java:282)
	at org.codehaus.groovy.grails.orm.hibernate.cfg.NamedCriteriaProxy.listInternal(HibernateNamedQueriesBuilder.groovy:123)
	at org.codehaus.groovy.grails.orm.hibernate.cfg.NamedCriteriaProxy.list(HibernateNamedQueriesBuilder.groovy:127)
	at org.codehaus.groovy.grails.orm.hibernate.cfg.NamedCriteriaProxy.list(HibernateNamedQueriesBuilder.groovy)
	at PropertyIntegrationSpec.Property can return three latest properties(PropertyIntegrationSpec.groovy:14)
2012-03-18 20:39:30,968 [main] ERROR StackTrace  - Sanitizing stacktrace:
org.hibernate.QueryException: could not resolve property: holderLastName of: com.ianandco.Property
	at grails.orm.HibernateCriteriaBuilder.invokeMethod(HibernateCriteriaBuilder.java:1163)
	at PropertyIntegrationSpec.Property can return three latest properties(PropertyIntegrationSpec.groovy:14)
2012-03-18 20:40:54,739 [main] ERROR StackTrace  - Sanitizing stacktrace:
junit.framework.AssertionFailedError: Condition not satisfied:

listing.size
|       |
[]      0

	at PropertyIntegrationSpec.Property can return three latest properties(PropertyIntegrationSpec.groovy:17)
2012-03-18 20:40:54,745 [main] ERROR StackTrace  - Sanitizing stacktrace:
junit.framework.AssertionFailedError: Condition not satisfied:

listing.size
|       |
[]      0

	at PropertyIntegrationSpec.Property can return three latest properties(PropertyIntegrationSpec.groovy:17)
2012-09-11 22:42:58,963 [main] ERROR StackTrace  - Sanitizing stacktrace:
junit.framework.AssertionFailedError: Condition not satisfied:

listing*.title.intersect(['magwegwe', 'kilarney', 'makokoba']) == ['magwegwe', 'kilarney', 'makokoba']
|        |     |                                               |
|        |     [magwegwe, kilarney]                            false
|        [luveve, magwegwe, kilarney]
[com.ianandco.Property : 4, com.ianandco.Property : 5, com.ianandco.Property : 6]

	at PropertyIntegrationSpec.Property can return three latest properties(PropertyIntegrationSpec.groovy:20)
2012-09-11 22:42:58,983 [main] ERROR StackTrace  - Sanitizing stacktrace:
junit.framework.AssertionFailedError: Condition not satisfied:

listing*.title.intersect(['magwegwe', 'kilarney', 'makokoba']) == ['magwegwe', 'kilarney', 'makokoba']
|        |     |                                               |
|        |     [magwegwe, kilarney]                            false
|        [luveve, magwegwe, kilarney]
[com.ianandco.Property : 4, com.ianandco.Property : 5, com.ianandco.Property : 6]

	at PropertyIntegrationSpec.Property can return three latest properties(PropertyIntegrationSpec.groovy:20)
